example/after-test-folder\another_unknown.xyz - OTHERS
example/after-test-folder\archive.zip - ARCHIVES
example/after-test-folder\backup_2025.rar - ARCHIVES
example/after-test-folder\client_work\project_alpha\docs\api_documentation.md - DOCUMENTS
example/after-test-folder\client_work\project_alpha\docs\user_manual.pdf - DOCUMENTS
example/after-test-folder\client_work\project_alpha\final_deliverables\client_archive.7z - ARCHIVES
example/after-test-folder\client_work\project_alpha\final_deliverables\final_dataset.csv - DATA-INTERCHANGE
example/after-test-folder\client_work\project_alpha\final_deliverables\final_report.pptx - PRESENTATIONS
example/after-test-folder\client_work\project_alpha\project_brief.txt - DOCUMENTS
example/after-test-folder\cool_font.otf - FONTS
example/after-test-folder\data.json - DATA-INTERCHANGE
example/after-test-folder\intro.mp4 - VIDEO
example/after-test-folder\logo.png - IMAGES
example/after-test-folder\main_document.pdf - DOCUMENTS
example/after-test-folder\notes.txt - DOCUMENTS
example/after-test-folder\old_project\assets\icons\icon.ico - IMAGES
example/after-test-folder\old_project\assets\icons\logo.webp - IMAGES
example/after-test-folder\old_project\config.toml - DATA-INTERCHANGE
example/after-test-folder\old_project\README.md - DOCUMENTS
example/after-test-folder\old_project\src\main.rs - SOURCE-CODE
example/after-test-folder\old_project\src\utils.go - SOURCE-CODE
example/after-test-folder\presentation.pptx - PRESENTATIONS
example/after-test-folder\script.py - SOURCE-CODE
example/after-test-folder\temp_log.log - DOCUMENTS
example/after-test-folder\theme_song.mp3 - AUDIO
example/after-test-folder\unknown_file.dat - OTHERS
example/after-test-folder\vacation_photos_2024\beach.jpg - IMAGES
example/after-test-folder\vacation_photos_2024\family.png - IMAGES
example/after-test-folder\vacation_photos_2024\sunset.jpeg - IMAGES
example/after-test-folder\vacation_photos_2024\videos\beach_sounds.aac - AUDIO
example/after-test-folder\vacation_photos_2024\videos\drone_footage.mkv - VIDEO
example/after-test-folder\vacation_photos_2024\videos\short_clip.mov - VIDEO
example/after-test-folder\website_layout.html - DOCUMENTS
